Unbundling libraries to /home/philip/Projects/mservers/mserverfrends2/bundler
Starting server
*** Error, this build is outdated ***
*** Please download a new build as per instructions from https://www.spigotmc.org/go/outdated-spigot ***
*** Server will start in 20 seconds ***
Loading libraries, please wait...
[19:12:12] [ServerMain/INFO]: Building unoptimized datafixer
[19:12:14] [ServerMain/INFO]: Environment: authHost='https://authserver.mojang.com', accountsHost='https://api.mojang.com', sessionHost='https://sessionserver.mojang.com', servicesHost='https://api.minecraftservices.com', name='PROD'
[19:12:16] [ServerMain/INFO]: Loaded 7 recipes
[19:12:12] [ServerMain/INFO]: Building unoptimized datafixer
[19:12:14] [ServerMain/INFO]: Environment: authHost='https://authserver.mojang.com', accountsHost='https://api.mojang.com', sessionHost='https://sessionserver.mojang.com', servicesHost='https://api.minecraftservices.com', name='PROD'
[19:12:16] [ServerMain/INFO]: Loaded 7 recipes
[19:12:17] [Server thread/INFO]: Starting minecraft server version 1.19.3
[19:12:17] [Server thread/INFO]: Loading properties
[19:12:17] [Server thread/INFO]: This server is running CraftBukkit version 3616-Spigot-d90018e-eecb4c0 (MC: 1.19.3) (Implementing API version 1.19.3-R0.1-SNAPSHOT)
[19:12:18] [Server thread/INFO]: Server Ping Player Sample Count: 12
[19:12:18] [Server thread/INFO]: Using 4 threads for Netty based IO
[19:12:18] [Server thread/INFO]: Debug logging is enabled
[19:12:18] [Server thread/INFO]: Default game type: SURVIVAL
[19:12:18] [Server thread/INFO]: Generating keypair
[19:12:18] [Server thread/INFO]: Starting Minecraft server on *:25565
[19:12:18] [Server thread/INFO]: Using epoll channel type
[19:12:18] [Server thread/WARN]: Initializing Legacy Material Support. Unless you have legacy plugins and/or data this is a bug!
[19:12:18] [Server thread/WARN]: java.lang.Exception
[19:12:18] [Server thread/WARN]: 	at org.bukkit.craftbukkit.v1_19_R2.legacy.CraftLegacy.<clinit>(CraftLegacy.java:261)
[19:12:18] [Server thread/WARN]: 	at org.bukkit.craftbukkit.v1_19_R2.util.CraftMagicNumbers.checkSupported(CraftMagicNumbers.java:323)
[19:12:18] [Server thread/WARN]: 	at org.bukkit.plugin.java.JavaPluginLoader.loadPlugin(JavaPluginLoader.java:141)
[19:12:18] [Server thread/WARN]: 	at org.bukkit.plugin.SimplePluginManager.loadPlugin(SimplePluginManager.java:394)
[19:12:18] [Server thread/WARN]: 	at org.bukkit.plugin.SimplePluginManager.loadPlugins(SimplePluginManager.java:301)
[19:12:18] [Server thread/WARN]: 	at org.bukkit.craftbukkit.v1_19_R2.CraftServer.loadPlugins(CraftServer.java:428)
[19:12:18] [Server thread/WARN]: 	at net.minecraft.server.dedicated.DedicatedServer.e(DedicatedServer.java:219)
[19:12:18] [Server thread/WARN]: 	at net.minecraft.server.MinecraftServer.w(MinecraftServer.java:973)
[19:12:18] [Server thread/WARN]: 	at net.minecraft.server.MinecraftServer.lambda$0(MinecraftServer.java:301)
[19:12:18] [Server thread/WARN]: 	at java.base/java.lang.Thread.run(Thread.java:1589)
[19:12:24] [Server thread/WARN]: Legacy plugin MobNoTarget v1.0 does not specify an api-version.
[19:12:24] [Server thread/WARN]: Legacy plugin MobLeash v1.0 does not specify an api-version.
[19:12:24] [Server thread/INFO]: [MobNoTarget] Loading MobNoTarget v1.0
[19:12:24] [Server thread/INFO]: [MobLeash] Loading MobLeash v1.0
[19:12:24] [Server thread/WARN]: **** SERVER IS RUNNING IN OFFLINE/INSECURE MODE!
[19:12:24] [Server thread/WARN]: The server will make no attempt to authenticate usernames. Beware.
[19:12:24] [Server thread/WARN]: While this makes the game possible to play without internet access, it also opens up the ability for hackers to connect with any username they choose.
[19:12:24] [Server thread/WARN]: To change this, set "online-mode" to "true" in the server.properties file.
[19:12:24] [Server thread/INFO]: Preparing level "Philipbox's world"
[19:12:24] [Server thread/INFO]: -------- World Settings For [Philipbox's world] --------
[19:12:24] [Server thread/INFO]: Mob Spawn Range: 6
[19:12:24] [Server thread/INFO]: Experience Merge Radius: 3.0
[19:12:24] [Server thread/INFO]: Custom Map Seeds:  Village: 10387312 Desert: 14357617 Igloo: 14357618 Jungle: 14357619 Swamp: 14357620 Monument: 10387313 Ocean: 14357621 Shipwreck: 165745295 End City: 10387313 Slime: 987234911 Nether: 30084232 Mansion: 10387319 Fossil: 14357921 Portal: 34222645
[19:12:24] [Server thread/INFO]: Max TNT Explosions: 100
[19:12:24] [Server thread/INFO]: Tile Max Tick Time: 50ms Entity max Tick Time: 50ms
[19:12:24] [Server thread/INFO]: Cactus Growth Modifier: 100%
[19:12:24] [Server thread/INFO]: Cane Growth Modifier: 100%
[19:12:24] [Server thread/INFO]: Melon Growth Modifier: 100%
[19:12:24] [Server thread/INFO]: Mushroom Growth Modifier: 100%
[19:12:24] [Server thread/INFO]: Pumpkin Growth Modifier: 100%
[19:12:24] [Server thread/INFO]: Sapling Growth Modifier: 100%
[19:12:24] [Server thread/INFO]: Beetroot Growth Modifier: 100%
[19:12:24] [Server thread/INFO]: Carrot Growth Modifier: 100%
[19:12:24] [Server thread/INFO]: Potato Growth Modifier: 100%
[19:12:24] [Server thread/INFO]: Wheat Growth Modifier: 100%
[19:12:24] [Server thread/INFO]: NetherWart Growth Modifier: 100%
[19:12:24] [Server thread/INFO]: Vine Growth Modifier: 100%
[19:12:24] [Server thread/INFO]: Cocoa Growth Modifier: 100%
[19:12:24] [Server thread/INFO]: Bamboo Growth Modifier: 100%
[19:12:24] [Server thread/INFO]: SweetBerry Growth Modifier: 100%
[19:12:24] [Server thread/INFO]: Kelp Growth Modifier: 100%
[19:12:24] [Server thread/INFO]: TwistingVines Growth Modifier: 100%
[19:12:24] [Server thread/INFO]: WeepingVines Growth Modifier: 100%
[19:12:24] [Server thread/INFO]: CaveVines Growth Modifier: 100%
[19:12:24] [Server thread/INFO]: Entity Activation Range: An 8 / Mo 4 / Ra 10 / Mi 9 / Tiv true / Isa false
[19:12:24] [Server thread/INFO]: Entity Tracking Range: Pl 48 / An 48 / Mo 48 / Mi 32 / Other 64
[19:12:24] [Server thread/INFO]: Hopper Transfer: 8 Hopper Check: 1 Hopper Amount: 1 Hopper Can Load Chunks: false
[19:12:24] [Server thread/INFO]: View Distance: 10
[19:12:24] [Server thread/INFO]: Simulation Distance: 5
[19:12:24] [Server thread/INFO]: Item Despawn Rate: 6000
[19:12:24] [Server thread/INFO]: Item Merge Radius: 2.5
[19:12:24] [Server thread/INFO]: Allow Zombie Pigmen to spawn from portal blocks: true
[19:12:24] [Server thread/INFO]: Arrow Despawn Rate: 1200 Trident Respawn Rate:1200
[19:12:24] [Server thread/INFO]: Zombie Aggressive Towards Villager: true
[19:12:24] [Server thread/INFO]: Nerfing mobs spawned from spawners: false
[19:12:24] [Server thread/INFO]: -------- World Settings For [Philipbox's world_nether] --------
[19:12:24] [Server thread/INFO]: Mob Spawn Range: 6
[19:12:24] [Server thread/INFO]: Experience Merge Radius: 3.0
[19:12:24] [Server thread/INFO]: Custom Map Seeds:  Village: 10387312 Desert: 14357617 Igloo: 14357618 Jungle: 14357619 Swamp: 14357620 Monument: 10387313 Ocean: 14357621 Shipwreck: 165745295 End City: 10387313 Slime: 987234911 Nether: 30084232 Mansion: 10387319 Fossil: 14357921 Portal: 34222645
[19:12:24] [Server thread/INFO]: Max TNT Explosions: 100
[19:12:24] [Server thread/INFO]: Tile Max Tick Time: 50ms Entity max Tick Time: 50ms
[19:12:24] [Server thread/INFO]: Cactus Growth Modifier: 100%
[19:12:24] [Server thread/INFO]: Cane Growth Modifier: 100%
[19:12:24] [Server thread/INFO]: Melon Growth Modifier: 100%
[19:12:24] [Server thread/INFO]: Mushroom Growth Modifier: 100%
[19:12:24] [Server thread/INFO]: Pumpkin Growth Modifier: 100%
[19:12:24] [Server thread/INFO]: Sapling Growth Modifier: 100%
[19:12:24] [Server thread/INFO]: Beetroot Growth Modifier: 100%
[19:12:24] [Server thread/INFO]: Carrot Growth Modifier: 100%
[19:12:24] [Server thread/INFO]: Potato Growth Modifier: 100%
[19:12:24] [Server thread/INFO]: Wheat Growth Modifier: 100%
[19:12:24] [Server thread/INFO]: NetherWart Growth Modifier: 100%
[19:12:24] [Server thread/INFO]: Vine Growth Modifier: 100%
[19:12:24] [Server thread/INFO]: Cocoa Growth Modifier: 100%
[19:12:24] [Server thread/INFO]: Bamboo Growth Modifier: 100%
[19:12:24] [Server thread/INFO]: SweetBerry Growth Modifier: 100%
[19:12:24] [Server thread/INFO]: Kelp Growth Modifier: 100%
[19:12:24] [Server thread/INFO]: TwistingVines Growth Modifier: 100%
[19:12:24] [Server thread/INFO]: WeepingVines Growth Modifier: 100%
[19:12:24] [Server thread/INFO]: CaveVines Growth Modifier: 100%
[19:12:24] [Server thread/INFO]: Entity Activation Range: An 8 / Mo 4 / Ra 10 / Mi 9 / Tiv true / Isa false
[19:12:24] [Server thread/INFO]: Entity Tracking Range: Pl 48 / An 48 / Mo 48 / Mi 32 / Other 64
[19:12:24] [Server thread/INFO]: Hopper Transfer: 8 Hopper Check: 1 Hopper Amount: 1 Hopper Can Load Chunks: false
[19:12:24] [Server thread/INFO]: View Distance: 10
[19:12:24] [Server thread/INFO]: Simulation Distance: 5
[19:12:24] [Server thread/INFO]: Item Despawn Rate: 6000
[19:12:24] [Server thread/INFO]: Item Merge Radius: 2.5
[19:12:24] [Server thread/INFO]: Allow Zombie Pigmen to spawn from portal blocks: true
[19:12:24] [Server thread/INFO]: Arrow Despawn Rate: 1200 Trident Respawn Rate:1200
[19:12:24] [Server thread/INFO]: Zombie Aggressive Towards Villager: true
[19:12:24] [Server thread/INFO]: Nerfing mobs spawned from spawners: false
[19:12:26] [Server thread/INFO]: -------- World Settings For [Philipbox's world_the_end] --------
[19:12:26] [Server thread/INFO]: Mob Spawn Range: 6
[19:12:26] [Server thread/INFO]: Experience Merge Radius: 3.0
[19:12:26] [Server thread/INFO]: Custom Map Seeds:  Village: 10387312 Desert: 14357617 Igloo: 14357618 Jungle: 14357619 Swamp: 14357620 Monument: 10387313 Ocean: 14357621 Shipwreck: 165745295 End City: 10387313 Slime: 987234911 Nether: 30084232 Mansion: 10387319 Fossil: 14357921 Portal: 34222645
[19:12:26] [Server thread/INFO]: Max TNT Explosions: 100
[19:12:26] [Server thread/INFO]: Tile Max Tick Time: 50ms Entity max Tick Time: 50ms
[19:12:26] [Server thread/INFO]: Cactus Growth Modifier: 100%
[19:12:26] [Server thread/INFO]: Cane Growth Modifier: 100%
[19:12:26] [Server thread/INFO]: Melon Growth Modifier: 100%
[19:12:26] [Server thread/INFO]: Mushroom Growth Modifier: 100%
[19:12:26] [Server thread/INFO]: Pumpkin Growth Modifier: 100%
[19:12:26] [Server thread/INFO]: Sapling Growth Modifier: 100%
[19:12:26] [Server thread/INFO]: Beetroot Growth Modifier: 100%
[19:12:26] [Server thread/INFO]: Carrot Growth Modifier: 100%
[19:12:26] [Server thread/INFO]: Potato Growth Modifier: 100%
[19:12:26] [Server thread/INFO]: Wheat Growth Modifier: 100%
[19:12:26] [Server thread/INFO]: NetherWart Growth Modifier: 100%
[19:12:26] [Server thread/INFO]: Vine Growth Modifier: 100%
[19:12:26] [Server thread/INFO]: Cocoa Growth Modifier: 100%
[19:12:26] [Server thread/INFO]: Bamboo Growth Modifier: 100%
[19:12:26] [Server thread/INFO]: SweetBerry Growth Modifier: 100%
[19:12:26] [Server thread/INFO]: Kelp Growth Modifier: 100%
[19:12:26] [Server thread/INFO]: TwistingVines Growth Modifier: 100%
[19:12:26] [Server thread/INFO]: WeepingVines Growth Modifier: 100%
[19:12:26] [Server thread/INFO]: CaveVines Growth Modifier: 100%
[19:12:26] [Server thread/INFO]: Entity Activation Range: An 8 / Mo 4 / Ra 10 / Mi 9 / Tiv true / Isa false
[19:12:26] [Server thread/INFO]: Entity Tracking Range: Pl 48 / An 48 / Mo 48 / Mi 32 / Other 64
[19:12:26] [Server thread/INFO]: Hopper Transfer: 8 Hopper Check: 1 Hopper Amount: 1 Hopper Can Load Chunks: false
[19:12:26] [Server thread/INFO]: View Distance: 10
[19:12:26] [Server thread/INFO]: Simulation Distance: 5
[19:12:26] [Server thread/INFO]: Item Despawn Rate: 6000
[19:12:26] [Server thread/INFO]: Item Merge Radius: 2.5
[19:12:26] [Server thread/INFO]: Allow Zombie Pigmen to spawn from portal blocks: true
[19:12:26] [Server thread/INFO]: Arrow Despawn Rate: 1200 Trident Respawn Rate:1200
[19:12:26] [Server thread/INFO]: Zombie Aggressive Towards Villager: true
[19:12:26] [Server thread/INFO]: Nerfing mobs spawned from spawners: false
[19:12:26] [Server thread/INFO]: Preparing start region for dimension minecraft:overworld
[19:12:31] [Worker-Main-7/INFO]: Preparing spawn area: 0%
[19:12:31] [Worker-Main-7/INFO]: Preparing spawn area: 0%
[19:12:31] [Worker-Main-7/INFO]: Preparing spawn area: 0%
[19:12:31] [Worker-Main-7/INFO]: Preparing spawn area: 0%
[19:12:31] [Worker-Main-6/INFO]: Preparing spawn area: 0%
[19:12:31] [Worker-Main-2/INFO]: Preparing spawn area: 0%
[19:12:31] [Worker-Main-1/INFO]: Preparing spawn area: 0%
[19:12:31] [Worker-Main-7/INFO]: Preparing spawn area: 0%
[19:12:31] [Worker-Main-1/INFO]: Preparing spawn area: 0%
[19:12:31] [Worker-Main-7/INFO]: Preparing spawn area: 0%
[19:12:31] [Worker-Main-4/INFO]: Preparing spawn area: 0%
[19:12:32] [Worker-Main-5/INFO]: Preparing spawn area: 0%
[19:12:32] [Worker-Main-5/INFO]: Preparing spawn area: 7%
[19:12:33] [Server thread/INFO]: Time elapsed: 6525 ms
[19:12:33] [Server thread/INFO]: Preparing start region for dimension minecraft:the_nether
[19:12:35] [Worker-Main-6/INFO]: Preparing spawn area: 0%
[19:12:35] [Worker-Main-7/INFO]: Preparing spawn area: 0%
[19:12:35] [Worker-Main-2/INFO]: Preparing spawn area: 0%
[19:12:35] [Worker-Main-2/INFO]: Preparing spawn area: 0%
[19:12:35] [Worker-Main-1/INFO]: Preparing spawn area: 0%
[19:12:36] [Worker-Main-4/INFO]: Preparing spawn area: 0%
[19:12:36] [Worker-Main-7/INFO]: Preparing spawn area: 8%
[19:12:37] [Worker-Main-1/INFO]: Preparing spawn area: 88%
[19:12:37] [Server thread/INFO]: Time elapsed: 3564 ms
[19:12:37] [Server thread/INFO]: Preparing start region for dimension minecraft:the_end
[19:12:38] [Worker-Main-6/INFO]: Preparing spawn area: 0%
[19:12:38] [Worker-Main-4/INFO]: Preparing spawn area: 0%
[19:12:38] [Worker-Main-4/INFO]: Preparing spawn area: 0%
[19:12:38] [Worker-Main-5/INFO]: Preparing spawn area: 0%
[19:12:39] [Worker-Main-2/INFO]: Preparing spawn area: 37%
[19:12:39] [Server thread/INFO]: Time elapsed: 2275 ms
[19:12:39] [Server thread/INFO]: [MobNoTarget] Enabling MobNoTarget v1.0
[19:12:39] [Server thread/INFO]: [MobLeash] Enabling MobLeash v1.0
[19:12:39] [Server thread/INFO]: Server permissions file permissions.yml is empty, ignoring it
[19:12:39] [Server thread/INFO]: Done (15.263s)! For help, type "help"
Unbundling libraries to /home/philip/Projects/mservers/mserverfrends2/bundler
Starting server
*** Error, this build is outdated ***
*** Please download a new build as per instructions from https://www.spigotmc.org/go/outdated-spigot ***
*** Server will start in 20 seconds ***
Loading libraries, please wait...
[19:16:40] [ServerMain/INFO]: Building unoptimized datafixer
[19:16:43] [ServerMain/INFO]: Environment: authHost='https://authserver.mojang.com', accountsHost='https://api.mojang.com', sessionHost='https://sessionserver.mojang.com', servicesHost='https://api.minecraftservices.com', name='PROD'
[19:16:47] [ServerMain/INFO]: Loaded 7 recipes
[19:16:40] [ServerMain/INFO]: Building unoptimized datafixer
[19:16:43] [ServerMain/INFO]: Environment: authHost='https://authserver.mojang.com', accountsHost='https://api.mojang.com', sessionHost='https://sessionserver.mojang.com', servicesHost='https://api.minecraftservices.com', name='PROD'
[19:16:47] [ServerMain/INFO]: Loaded 7 recipes
[19:16:49] [Server thread/INFO]: Starting minecraft server version 1.19.3
[19:16:49] [Server thread/INFO]: Loading properties
[19:16:49] [Server thread/INFO]: This server is running CraftBukkit version 3616-Spigot-d90018e-eecb4c0 (MC: 1.19.3) (Implementing API version 1.19.3-R0.1-SNAPSHOT)
[19:16:50] [Server thread/INFO]: Server Ping Player Sample Count: 12
[19:16:50] [Server thread/INFO]: Using 4 threads for Netty based IO
[19:16:50] [Server thread/INFO]: Debug logging is enabled
[19:16:50] [Server thread/INFO]: Default game type: SURVIVAL
[19:16:50] [Server thread/INFO]: Generating keypair
[19:16:50] [Server thread/INFO]: Starting Minecraft server on *:25565
[19:16:50] [Server thread/INFO]: Using epoll channel type
[19:16:50] [Server thread/WARN]: Initializing Legacy Material Support. Unless you have legacy plugins and/or data this is a bug!
[19:16:50] [Server thread/WARN]: java.lang.Exception
[19:16:50] [Server thread/WARN]: 	at org.bukkit.craftbukkit.v1_19_R2.legacy.CraftLegacy.<clinit>(CraftLegacy.java:261)
[19:16:50] [Server thread/WARN]: 	at org.bukkit.craftbukkit.v1_19_R2.util.CraftMagicNumbers.checkSupported(CraftMagicNumbers.java:323)
[19:16:50] [Server thread/WARN]: 	at org.bukkit.plugin.java.JavaPluginLoader.loadPlugin(JavaPluginLoader.java:141)
[19:16:50] [Server thread/WARN]: 	at org.bukkit.plugin.SimplePluginManager.loadPlugin(SimplePluginManager.java:394)
[19:16:50] [Server thread/WARN]: 	at org.bukkit.plugin.SimplePluginManager.loadPlugins(SimplePluginManager.java:301)
[19:16:50] [Server thread/WARN]: 	at org.bukkit.craftbukkit.v1_19_R2.CraftServer.loadPlugins(CraftServer.java:428)
[19:16:50] [Server thread/WARN]: 	at net.minecraft.server.dedicated.DedicatedServer.e(DedicatedServer.java:219)
[19:16:50] [Server thread/WARN]: 	at net.minecraft.server.MinecraftServer.w(MinecraftServer.java:973)
[19:16:50] [Server thread/WARN]: 	at net.minecraft.server.MinecraftServer.lambda$0(MinecraftServer.java:301)
[19:16:50] [Server thread/WARN]: 	at java.base/java.lang.Thread.run(Thread.java:1589)
[19:16:55] [Server thread/WARN]: Legacy plugin MobNoTarget v1.0 does not specify an api-version.
[19:16:55] [Server thread/WARN]: Legacy plugin MobLeash v1.0 does not specify an api-version.
[19:16:55] [Server thread/INFO]: [MobNoTarget] Loading MobNoTarget v1.0
[19:16:55] [Server thread/INFO]: [MobLeash] Loading MobLeash v1.0
[19:16:55] [Server thread/WARN]: **** SERVER IS RUNNING IN OFFLINE/INSECURE MODE!
[19:16:55] [Server thread/WARN]: The server will make no attempt to authenticate usernames. Beware.
[19:16:55] [Server thread/WARN]: While this makes the game possible to play without internet access, it also opens up the ability for hackers to connect with any username they choose.
[19:16:55] [Server thread/WARN]: To change this, set "online-mode" to "true" in the server.properties file.
[19:16:55] [Server thread/INFO]: Preparing level "Philipbox's world"
[19:16:55] [Server thread/INFO]: -------- World Settings For [Philipbox's world] --------
[19:16:55] [Server thread/INFO]: Mob Spawn Range: 6
[19:16:55] [Server thread/INFO]: Experience Merge Radius: 3.0
[19:16:55] [Server thread/INFO]: Cactus Growth Modifier: 100%
[19:16:55] [Server thread/INFO]: Cane Growth Modifier: 100%
[19:16:55] [Server thread/INFO]: Melon Growth Modifier: 100%
[19:16:55] [Server thread/INFO]: Mushroom Growth Modifier: 100%
[19:16:55] [Server thread/INFO]: Pumpkin Growth Modifier: 100%
[19:16:55] [Server thread/INFO]: Sapling Growth Modifier: 100%
[19:16:55] [Server thread/INFO]: Beetroot Growth Modifier: 100%
[19:16:55] [Server thread/INFO]: Carrot Growth Modifier: 100%
[19:16:55] [Server thread/INFO]: Potato Growth Modifier: 100%
[19:16:55] [Server thread/INFO]: Wheat Growth Modifier: 100%
[19:16:55] [Server thread/INFO]: NetherWart Growth Modifier: 100%
[19:16:55] [Server thread/INFO]: Vine Growth Modifier: 100%
[19:16:55] [Server thread/INFO]: Cocoa Growth Modifier: 100%
[19:16:55] [Server thread/INFO]: Bamboo Growth Modifier: 100%
[19:16:55] [Server thread/INFO]: SweetBerry Growth Modifier: 100%
[19:16:55] [Server thread/INFO]: Kelp Growth Modifier: 100%
[19:16:55] [Server thread/INFO]: TwistingVines Growth Modifier: 100%
[19:16:55] [Server thread/INFO]: WeepingVines Growth Modifier: 100%
[19:16:55] [Server thread/INFO]: CaveVines Growth Modifier: 100%
[19:16:55] [Server thread/INFO]: Entity Activation Range: An 8 / Mo 4 / Ra 10 / Mi 9 / Tiv true / Isa false
[19:16:55] [Server thread/INFO]: Entity Tracking Range: Pl 48 / An 48 / Mo 48 / Mi 32 / Other 64
[19:16:55] [Server thread/INFO]: Hopper Transfer: 8 Hopper Check: 1 Hopper Amount: 1 Hopper Can Load Chunks: false
[19:16:55] [Server thread/INFO]: Custom Map Seeds:  Village: 10387312 Desert: 14357617 Igloo: 14357618 Jungle: 14357619 Swamp: 14357620 Monument: 10387313 Ocean: 14357621 Shipwreck: 165745295 End City: 10387313 Slime: 987234911 Nether: 30084232 Mansion: 10387319 Fossil: 14357921 Portal: 34222645
[19:16:55] [Server thread/INFO]: Max TNT Explosions: 100
[19:16:55] [Server thread/INFO]: Tile Max Tick Time: 50ms Entity max Tick Time: 50ms
[19:16:55] [Server thread/INFO]: View Distance: 10
[19:16:55] [Server thread/INFO]: Simulation Distance: 5
[19:16:55] [Server thread/INFO]: Item Despawn Rate: 6000
[19:16:55] [Server thread/INFO]: Item Merge Radius: 2.5
[19:16:55] [Server thread/INFO]: Allow Zombie Pigmen to spawn from portal blocks: true
[19:16:55] [Server thread/INFO]: Arrow Despawn Rate: 1200 Trident Respawn Rate:1200
[19:16:55] [Server thread/INFO]: Nerfing mobs spawned from spawners: false
[19:16:55] [Server thread/INFO]: Zombie Aggressive Towards Villager: true
[19:16:56] [Server thread/INFO]: -------- World Settings For [Philipbox's world_nether] --------
[19:16:56] [Server thread/INFO]: Mob Spawn Range: 6
[19:16:56] [Server thread/INFO]: Experience Merge Radius: 3.0
[19:16:56] [Server thread/INFO]: Cactus Growth Modifier: 100%
[19:16:56] [Server thread/INFO]: Cane Growth Modifier: 100%
[19:16:56] [Server thread/INFO]: Melon Growth Modifier: 100%
[19:16:56] [Server thread/INFO]: Mushroom Growth Modifier: 100%
[19:16:56] [Server thread/INFO]: Pumpkin Growth Modifier: 100%
[19:16:56] [Server thread/INFO]: Sapling Growth Modifier: 100%
[19:16:56] [Server thread/INFO]: Beetroot Growth Modifier: 100%
[19:16:56] [Server thread/INFO]: Carrot Growth Modifier: 100%
[19:16:56] [Server thread/INFO]: Potato Growth Modifier: 100%
[19:16:56] [Server thread/INFO]: Wheat Growth Modifier: 100%
[19:16:56] [Server thread/INFO]: NetherWart Growth Modifier: 100%
[19:16:56] [Server thread/INFO]: Vine Growth Modifier: 100%
[19:16:56] [Server thread/INFO]: Cocoa Growth Modifier: 100%
[19:16:56] [Server thread/INFO]: Bamboo Growth Modifier: 100%
[19:16:56] [Server thread/INFO]: SweetBerry Growth Modifier: 100%
[19:16:56] [Server thread/INFO]: Kelp Growth Modifier: 100%
[19:16:56] [Server thread/INFO]: TwistingVines Growth Modifier: 100%
[19:16:56] [Server thread/INFO]: WeepingVines Growth Modifier: 100%
[19:16:56] [Server thread/INFO]: CaveVines Growth Modifier: 100%
[19:16:56] [Server thread/INFO]: Entity Activation Range: An 8 / Mo 4 / Ra 10 / Mi 9 / Tiv true / Isa false
[19:16:56] [Server thread/INFO]: Entity Tracking Range: Pl 48 / An 48 / Mo 48 / Mi 32 / Other 64
[19:16:56] [Server thread/INFO]: Hopper Transfer: 8 Hopper Check: 1 Hopper Amount: 1 Hopper Can Load Chunks: false
[19:16:56] [Server thread/INFO]: Custom Map Seeds:  Village: 10387312 Desert: 14357617 Igloo: 14357618 Jungle: 14357619 Swamp: 14357620 Monument: 10387313 Ocean: 14357621 Shipwreck: 165745295 End City: 10387313 Slime: 987234911 Nether: 30084232 Mansion: 10387319 Fossil: 14357921 Portal: 34222645
[19:16:56] [Server thread/INFO]: Max TNT Explosions: 100
[19:16:56] [Server thread/INFO]: Tile Max Tick Time: 50ms Entity max Tick Time: 50ms
[19:16:56] [Server thread/INFO]: View Distance: 10
[19:16:56] [Server thread/INFO]: Simulation Distance: 5
[19:16:56] [Server thread/INFO]: Item Despawn Rate: 6000
[19:16:56] [Server thread/INFO]: Item Merge Radius: 2.5
[19:16:56] [Server thread/INFO]: Allow Zombie Pigmen to spawn from portal blocks: true
[19:16:56] [Server thread/INFO]: Arrow Despawn Rate: 1200 Trident Respawn Rate:1200
[19:16:56] [Server thread/INFO]: Nerfing mobs spawned from spawners: false
[19:16:56] [Server thread/INFO]: Zombie Aggressive Towards Villager: true
[19:16:57] [Server thread/INFO]: -------- World Settings For [Philipbox's world_the_end] --------
[19:16:57] [Server thread/INFO]: Mob Spawn Range: 6
[19:16:57] [Server thread/INFO]: Experience Merge Radius: 3.0
[19:16:57] [Server thread/INFO]: Cactus Growth Modifier: 100%
[19:16:57] [Server thread/INFO]: Cane Growth Modifier: 100%
[19:16:57] [Server thread/INFO]: Melon Growth Modifier: 100%
[19:16:57] [Server thread/INFO]: Mushroom Growth Modifier: 100%
[19:16:57] [Server thread/INFO]: Pumpkin Growth Modifier: 100%
[19:16:57] [Server thread/INFO]: Sapling Growth Modifier: 100%
[19:16:57] [Server thread/INFO]: Beetroot Growth Modifier: 100%
[19:16:57] [Server thread/INFO]: Carrot Growth Modifier: 100%
[19:16:57] [Server thread/INFO]: Potato Growth Modifier: 100%
[19:16:57] [Server thread/INFO]: Wheat Growth Modifier: 100%
[19:16:57] [Server thread/INFO]: NetherWart Growth Modifier: 100%
[19:16:57] [Server thread/INFO]: Vine Growth Modifier: 100%
[19:16:57] [Server thread/INFO]: Cocoa Growth Modifier: 100%
[19:16:57] [Server thread/INFO]: Bamboo Growth Modifier: 100%
[19:16:57] [Server thread/INFO]: SweetBerry Growth Modifier: 100%
[19:16:57] [Server thread/INFO]: Kelp Growth Modifier: 100%
[19:16:57] [Server thread/INFO]: TwistingVines Growth Modifier: 100%
[19:16:57] [Server thread/INFO]: WeepingVines Growth Modifier: 100%
[19:16:57] [Server thread/INFO]: CaveVines Growth Modifier: 100%
[19:16:57] [Server thread/INFO]: Entity Activation Range: An 8 / Mo 4 / Ra 10 / Mi 9 / Tiv true / Isa false
[19:16:57] [Server thread/INFO]: Entity Tracking Range: Pl 48 / An 48 / Mo 48 / Mi 32 / Other 64
[19:16:57] [Server thread/INFO]: Hopper Transfer: 8 Hopper Check: 1 Hopper Amount: 1 Hopper Can Load Chunks: false
[19:16:57] [Server thread/INFO]: Custom Map Seeds:  Village: 10387312 Desert: 14357617 Igloo: 14357618 Jungle: 14357619 Swamp: 14357620 Monument: 10387313 Ocean: 14357621 Shipwreck: 165745295 End City: 10387313 Slime: 987234911 Nether: 30084232 Mansion: 10387319 Fossil: 14357921 Portal: 34222645
[19:16:57] [Server thread/INFO]: Max TNT Explosions: 100
[19:16:57] [Server thread/INFO]: Tile Max Tick Time: 50ms Entity max Tick Time: 50ms
[19:16:57] [Server thread/INFO]: View Distance: 10
[19:16:57] [Server thread/INFO]: Simulation Distance: 5
[19:16:57] [Server thread/INFO]: Item Despawn Rate: 6000
[19:16:57] [Server thread/INFO]: Item Merge Radius: 2.5
[19:16:57] [Server thread/INFO]: Allow Zombie Pigmen to spawn from portal blocks: true
[19:16:57] [Server thread/INFO]: Arrow Despawn Rate: 1200 Trident Respawn Rate:1200
[19:16:57] [Server thread/INFO]: Nerfing mobs spawned from spawners: false
[19:16:57] [Server thread/INFO]: Zombie Aggressive Towards Villager: true
[19:16:57] [Server thread/INFO]: Preparing start region for dimension minecraft:overworld
[19:17:02] [Worker-Main-1/INFO]: Preparing spawn area: 0%
[19:17:02] [Worker-Main-7/INFO]: Preparing spawn area: 0%
[19:17:02] [Worker-Main-3/INFO]: Preparing spawn area: 0%
[19:17:02] [Worker-Main-7/INFO]: Preparing spawn area: 0%
[19:17:02] [Worker-Main-2/INFO]: Preparing spawn area: 0%
[19:17:02] [Worker-Main-3/INFO]: Preparing spawn area: 0%
[19:17:02] [Worker-Main-1/INFO]: Preparing spawn area: 0%
[19:17:02] [Worker-Main-1/INFO]: Preparing spawn area: 0%
[19:17:02] [Worker-Main-5/INFO]: Preparing spawn area: 0%
[19:17:02] [Worker-Main-1/INFO]: Preparing spawn area: 0%
[19:17:02] [Worker-Main-3/INFO]: Preparing spawn area: 0%
[19:17:02] [Worker-Main-7/INFO]: Preparing spawn area: 4%
[19:17:03] [Worker-Main-5/INFO]: Preparing spawn area: 65%
[19:17:03] [Server thread/INFO]: Time elapsed: 6290 ms
[19:17:03] [Server thread/INFO]: Preparing start region for dimension minecraft:the_nether
[19:17:05] [Worker-Main-7/INFO]: Preparing spawn area: 0%
[19:17:05] [Worker-Main-7/INFO]: Preparing spawn area: 0%
[19:17:05] [Worker-Main-7/INFO]: Preparing spawn area: 0%
[19:17:05] [Worker-Main-4/INFO]: Preparing spawn area: 0%
[19:17:05] [Worker-Main-5/INFO]: Preparing spawn area: 0%
[19:17:06] [Worker-Main-4/INFO]: Preparing spawn area: 4%
[19:17:06] [Worker-Main-1/INFO]: Preparing spawn area: 32%
[19:17:07] [Server thread/INFO]: Time elapsed: 3340 ms
[19:17:07] [Server thread/INFO]: Preparing start region for dimension minecraft:the_end
[19:17:09] [Worker-Main-7/INFO]: Preparing spawn area: 0%
[19:17:09] [Worker-Main-7/INFO]: Preparing spawn area: 0%
[19:17:09] [Worker-Main-3/INFO]: Preparing spawn area: 0%
[19:17:09] [Worker-Main-7/INFO]: Preparing spawn area: 0%
[19:17:09] [Worker-Main-3/INFO]: Preparing spawn area: 0%
[19:17:09] [Worker-Main-3/INFO]: Preparing spawn area: 0%
[19:17:10] [Worker-Main-3/INFO]: Preparing spawn area: 0%
[19:17:10] [Worker-Main-7/INFO]: Preparing spawn area: 45%
[19:17:11] [Server thread/INFO]: Time elapsed: 3988 ms
[19:17:11] [Server thread/INFO]: [MobNoTarget] Enabling MobNoTarget v1.0
[19:17:11] [Server thread/INFO]: [MobLeash] Enabling MobLeash v1.0
[19:17:11] [Server thread/INFO]: Server permissions file permissions.yml is empty, ignoring it
[19:17:11] [Server thread/INFO]: Done (15.727s)! For help, type "help"
[19:38:39] [Server thread/INFO]: Stopping server
[19:38:39] [Server thread/INFO]: [MobLeash] Disabling MobLeash v1.0
[19:38:39] [Server thread/INFO]: [MobNoTarget] Disabling MobNoTarget v1.0
[19:38:39] [Server thread/INFO]: Saving players
[19:38:39] [Server thread/INFO]: Saving worlds
[19:38:41] [Server thread/INFO]: Saving chunks for level 'ServerLevel[Philipbox's world]'/minecraft:overworld
[19:38:51] [Server thread/INFO]: Saving chunks for level 'ServerLevel[Philipbox's world_nether]'/minecraft:the_nether
[19:38:52] [Server thread/INFO]: Saving chunks for level 'ServerLevel[Philipbox's world_the_end]'/minecraft:the_end
[19:38:58] [Server thread/INFO]: ThreadedAnvilChunkStorage (Philipbox's world): All chunks are saved
[19:38:58] [Server thread/INFO]: ThreadedAnvilChunkStorage (DIM-1): All chunks are saved
[19:38:58] [Server thread/INFO]: ThreadedAnvilChunkStorage (DIM1): All chunks are saved
[19:38:58] [Server thread/INFO]: ThreadedAnvilChunkStorage: All dimensions are saved
Unbundling libraries to /home/philip/Projects/mservers/mserverfrends2/bundler
Starting server
*** Error, this build is outdated ***
*** Please download a new build as per instructions from https://www.spigotmc.org/go/outdated-spigot ***
*** Server will start in 20 seconds ***
Loading libraries, please wait...
[22:41:21] [ServerMain/INFO]: Building unoptimized datafixer
[22:41:22] [ServerMain/INFO]: Environment: authHost='https://authserver.mojang.com', accountsHost='https://api.mojang.com', sessionHost='https://sessionserver.mojang.com', servicesHost='https://api.minecraftservices.com', name='PROD'
[22:41:24] [ServerMain/INFO]: Loaded 7 recipes
[22:41:21] [ServerMain/INFO]: Building unoptimized datafixer
[22:41:22] [ServerMain/INFO]: Environment: authHost='https://authserver.mojang.com', accountsHost='https://api.mojang.com', sessionHost='https://sessionserver.mojang.com', servicesHost='https://api.minecraftservices.com', name='PROD'
[22:41:24] [ServerMain/INFO]: Loaded 7 recipes
[22:41:25] [Server thread/INFO]: Starting minecraft server version 1.19.3
[22:41:25] [Server thread/INFO]: Loading properties
[22:41:26] [Server thread/INFO]: This server is running CraftBukkit version 3616-Spigot-d90018e-eecb4c0 (MC: 1.19.3) (Implementing API version 1.19.3-R0.1-SNAPSHOT)
[22:41:26] [Server thread/INFO]: Server Ping Player Sample Count: 12
[22:41:26] [Server thread/INFO]: Using 4 threads for Netty based IO
[22:41:26] [Server thread/INFO]: Debug logging is enabled
[22:41:26] [Server thread/INFO]: Default game type: SURVIVAL
[22:41:26] [Server thread/INFO]: Generating keypair
[22:41:26] [Server thread/INFO]: Starting Minecraft server on *:25565
[22:41:26] [Server thread/INFO]: Using epoll channel type
[22:41:26] [Server thread/WARN]: Initializing Legacy Material Support. Unless you have legacy plugins and/or data this is a bug!
[22:41:26] [Server thread/WARN]: java.lang.Exception
[22:41:26] [Server thread/WARN]: 	at org.bukkit.craftbukkit.v1_19_R2.legacy.CraftLegacy.<clinit>(CraftLegacy.java:261)
[22:41:26] [Server thread/WARN]: 	at org.bukkit.craftbukkit.v1_19_R2.util.CraftMagicNumbers.checkSupported(CraftMagicNumbers.java:323)
[22:41:26] [Server thread/WARN]: 	at org.bukkit.plugin.java.JavaPluginLoader.loadPlugin(JavaPluginLoader.java:141)
[22:41:26] [Server thread/WARN]: 	at org.bukkit.plugin.SimplePluginManager.loadPlugin(SimplePluginManager.java:394)
[22:41:26] [Server thread/WARN]: 	at org.bukkit.plugin.SimplePluginManager.loadPlugins(SimplePluginManager.java:301)
[22:41:26] [Server thread/WARN]: 	at org.bukkit.craftbukkit.v1_19_R2.CraftServer.loadPlugins(CraftServer.java:428)
[22:41:26] [Server thread/WARN]: 	at net.minecraft.server.dedicated.DedicatedServer.e(DedicatedServer.java:219)
[22:41:26] [Server thread/WARN]: 	at net.minecraft.server.MinecraftServer.w(MinecraftServer.java:973)
[22:41:26] [Server thread/WARN]: 	at net.minecraft.server.MinecraftServer.lambda$0(MinecraftServer.java:301)
[22:41:26] [Server thread/WARN]: 	at java.base/java.lang.Thread.run(Thread.java:1589)
[22:41:31] [Server thread/WARN]: Legacy plugin MobNoTarget v1.0 does not specify an api-version.
[22:41:31] [Server thread/WARN]: Legacy plugin MobLeash v1.0 does not specify an api-version.
[22:41:31] [Server thread/INFO]: [MobNoTarget] Loading MobNoTarget v1.0
[22:41:31] [Server thread/INFO]: [MobLeash] Loading MobLeash v1.0
[22:41:31] [Server thread/WARN]: **** SERVER IS RUNNING IN OFFLINE/INSECURE MODE!
[22:41:31] [Server thread/WARN]: The server will make no attempt to authenticate usernames. Beware.
[22:41:31] [Server thread/WARN]: While this makes the game possible to play without internet access, it also opens up the ability for hackers to connect with any username they choose.
[22:41:31] [Server thread/WARN]: To change this, set "online-mode" to "true" in the server.properties file.
[22:41:31] [Server thread/INFO]: Preparing level "Philipbox's world"
[22:41:31] [Server thread/INFO]: -------- World Settings For [Philipbox's world] --------
[22:41:31] [Server thread/INFO]: Entity Activation Range: An 8 / Mo 4 / Ra 10 / Mi 9 / Tiv true / Isa false
[22:41:31] [Server thread/INFO]: Entity Tracking Range: Pl 48 / An 48 / Mo 48 / Mi 32 / Other 64
[22:41:31] [Server thread/INFO]: Hopper Transfer: 8 Hopper Check: 1 Hopper Amount: 1 Hopper Can Load Chunks: false
[22:41:31] [Server thread/INFO]: Custom Map Seeds:  Village: 10387312 Desert: 14357617 Igloo: 14357618 Jungle: 14357619 Swamp: 14357620 Monument: 10387313 Ocean: 14357621 Shipwreck: 165745295 End City: 10387313 Slime: 987234911 Nether: 30084232 Mansion: 10387319 Fossil: 14357921 Portal: 34222645
[22:41:31] [Server thread/INFO]: Mob Spawn Range: 6
[22:41:31] [Server thread/INFO]: Experience Merge Radius: 3.0
[22:41:31] [Server thread/INFO]: Cactus Growth Modifier: 100%
[22:41:31] [Server thread/INFO]: Cane Growth Modifier: 100%
[22:41:31] [Server thread/INFO]: Melon Growth Modifier: 100%
[22:41:31] [Server thread/INFO]: Mushroom Growth Modifier: 100%
[22:41:31] [Server thread/INFO]: Pumpkin Growth Modifier: 100%
[22:41:31] [Server thread/INFO]: Sapling Growth Modifier: 100%
[22:41:31] [Server thread/INFO]: Beetroot Growth Modifier: 100%
[22:41:31] [Server thread/INFO]: Carrot Growth Modifier: 100%
[22:41:31] [Server thread/INFO]: Potato Growth Modifier: 100%
[22:41:31] [Server thread/INFO]: Wheat Growth Modifier: 100%
[22:41:31] [Server thread/INFO]: NetherWart Growth Modifier: 100%
[22:41:31] [Server thread/INFO]: Vine Growth Modifier: 100%
[22:41:31] [Server thread/INFO]: Cocoa Growth Modifier: 100%
[22:41:31] [Server thread/INFO]: Bamboo Growth Modifier: 100%
[22:41:31] [Server thread/INFO]: SweetBerry Growth Modifier: 100%
[22:41:31] [Server thread/INFO]: Kelp Growth Modifier: 100%
[22:41:31] [Server thread/INFO]: TwistingVines Growth Modifier: 100%
[22:41:31] [Server thread/INFO]: WeepingVines Growth Modifier: 100%
[22:41:31] [Server thread/INFO]: CaveVines Growth Modifier: 100%
[22:41:31] [Server thread/INFO]: Max TNT Explosions: 100
[22:41:31] [Server thread/INFO]: Tile Max Tick Time: 50ms Entity max Tick Time: 50ms
[22:41:31] [Server thread/INFO]: View Distance: 10
[22:41:31] [Server thread/INFO]: Simulation Distance: 5
[22:41:31] [Server thread/INFO]: Item Despawn Rate: 6000
[22:41:31] [Server thread/INFO]: Item Merge Radius: 2.5
[22:41:31] [Server thread/INFO]: Allow Zombie Pigmen to spawn from portal blocks: true
[22:41:31] [Server thread/INFO]: Arrow Despawn Rate: 1200 Trident Respawn Rate:1200
[22:41:31] [Server thread/INFO]: Zombie Aggressive Towards Villager: true
[22:41:31] [Server thread/INFO]: Nerfing mobs spawned from spawners: false
[22:41:31] [Server thread/INFO]: -------- World Settings For [Philipbox's world_nether] --------
[22:41:31] [Server thread/INFO]: Entity Activation Range: An 8 / Mo 4 / Ra 10 / Mi 9 / Tiv true / Isa false
[22:41:31] [Server thread/INFO]: Entity Tracking Range: Pl 48 / An 48 / Mo 48 / Mi 32 / Other 64
[22:41:31] [Server thread/INFO]: Hopper Transfer: 8 Hopper Check: 1 Hopper Amount: 1 Hopper Can Load Chunks: false
[22:41:31] [Server thread/INFO]: Custom Map Seeds:  Village: 10387312 Desert: 14357617 Igloo: 14357618 Jungle: 14357619 Swamp: 14357620 Monument: 10387313 Ocean: 14357621 Shipwreck: 165745295 End City: 10387313 Slime: 987234911 Nether: 30084232 Mansion: 10387319 Fossil: 14357921 Portal: 34222645
[22:41:31] [Server thread/INFO]: Mob Spawn Range: 6
[22:41:31] [Server thread/INFO]: Experience Merge Radius: 3.0
[22:41:31] [Server thread/INFO]: Cactus Growth Modifier: 100%
[22:41:31] [Server thread/INFO]: Cane Growth Modifier: 100%
[22:41:31] [Server thread/INFO]: Melon Growth Modifier: 100%
[22:41:31] [Server thread/INFO]: Mushroom Growth Modifier: 100%
[22:41:31] [Server thread/INFO]: Pumpkin Growth Modifier: 100%
[22:41:31] [Server thread/INFO]: Sapling Growth Modifier: 100%
[22:41:31] [Server thread/INFO]: Beetroot Growth Modifier: 100%
[22:41:31] [Server thread/INFO]: Carrot Growth Modifier: 100%
[22:41:31] [Server thread/INFO]: Potato Growth Modifier: 100%
[22:41:31] [Server thread/INFO]: Wheat Growth Modifier: 100%
[22:41:31] [Server thread/INFO]: NetherWart Growth Modifier: 100%
[22:41:31] [Server thread/INFO]: Vine Growth Modifier: 100%
[22:41:31] [Server thread/INFO]: Cocoa Growth Modifier: 100%
[22:41:31] [Server thread/INFO]: Bamboo Growth Modifier: 100%
[22:41:31] [Server thread/INFO]: SweetBerry Growth Modifier: 100%
[22:41:31] [Server thread/INFO]: Kelp Growth Modifier: 100%
[22:41:31] [Server thread/INFO]: TwistingVines Growth Modifier: 100%
[22:41:31] [Server thread/INFO]: WeepingVines Growth Modifier: 100%
[22:41:31] [Server thread/INFO]: CaveVines Growth Modifier: 100%
[22:41:31] [Server thread/INFO]: Max TNT Explosions: 100
[22:41:31] [Server thread/INFO]: Tile Max Tick Time: 50ms Entity max Tick Time: 50ms
[22:41:31] [Server thread/INFO]: View Distance: 10
[22:41:31] [Server thread/INFO]: Simulation Distance: 5
[22:41:31] [Server thread/INFO]: Item Despawn Rate: 6000
[22:41:31] [Server thread/INFO]: Item Merge Radius: 2.5
[22:41:31] [Server thread/INFO]: Allow Zombie Pigmen to spawn from portal blocks: true
[22:41:31] [Server thread/INFO]: Arrow Despawn Rate: 1200 Trident Respawn Rate:1200
[22:41:31] [Server thread/INFO]: Zombie Aggressive Towards Villager: true
[22:41:31] [Server thread/INFO]: Nerfing mobs spawned from spawners: false
[22:41:33] [Server thread/INFO]: -------- World Settings For [Philipbox's world_the_end] --------
[22:41:33] [Server thread/INFO]: Entity Activation Range: An 8 / Mo 4 / Ra 10 / Mi 9 / Tiv true / Isa false
[22:41:33] [Server thread/INFO]: Entity Tracking Range: Pl 48 / An 48 / Mo 48 / Mi 32 / Other 64
[22:41:33] [Server thread/INFO]: Hopper Transfer: 8 Hopper Check: 1 Hopper Amount: 1 Hopper Can Load Chunks: false
[22:41:33] [Server thread/INFO]: Custom Map Seeds:  Village: 10387312 Desert: 14357617 Igloo: 14357618 Jungle: 14357619 Swamp: 14357620 Monument: 10387313 Ocean: 14357621 Shipwreck: 165745295 End City: 10387313 Slime: 987234911 Nether: 30084232 Mansion: 10387319 Fossil: 14357921 Portal: 34222645
[22:41:33] [Server thread/INFO]: Mob Spawn Range: 6
[22:41:33] [Server thread/INFO]: Experience Merge Radius: 3.0
[22:41:33] [Server thread/INFO]: Cactus Growth Modifier: 100%
[22:41:33] [Server thread/INFO]: Cane Growth Modifier: 100%
[22:41:33] [Server thread/INFO]: Melon Growth Modifier: 100%
[22:41:33] [Server thread/INFO]: Mushroom Growth Modifier: 100%
[22:41:33] [Server thread/INFO]: Pumpkin Growth Modifier: 100%
[22:41:33] [Server thread/INFO]: Sapling Growth Modifier: 100%
[22:41:33] [Server thread/INFO]: Beetroot Growth Modifier: 100%
[22:41:33] [Server thread/INFO]: Carrot Growth Modifier: 100%
[22:41:33] [Server thread/INFO]: Potato Growth Modifier: 100%
[22:41:33] [Server thread/INFO]: Wheat Growth Modifier: 100%
[22:41:33] [Server thread/INFO]: NetherWart Growth Modifier: 100%
[22:41:33] [Server thread/INFO]: Vine Growth Modifier: 100%
[22:41:33] [Server thread/INFO]: Cocoa Growth Modifier: 100%
[22:41:33] [Server thread/INFO]: Bamboo Growth Modifier: 100%
[22:41:33] [Server thread/INFO]: SweetBerry Growth Modifier: 100%
[22:41:33] [Server thread/INFO]: Kelp Growth Modifier: 100%
[22:41:33] [Server thread/INFO]: TwistingVines Growth Modifier: 100%
[22:41:33] [Server thread/INFO]: WeepingVines Growth Modifier: 100%
[22:41:33] [Server thread/INFO]: CaveVines Growth Modifier: 100%
[22:41:33] [Server thread/INFO]: Max TNT Explosions: 100
[22:41:33] [Server thread/INFO]: Tile Max Tick Time: 50ms Entity max Tick Time: 50ms
[22:41:33] [Server thread/INFO]: View Distance: 10
[22:41:33] [Server thread/INFO]: Simulation Distance: 5
[22:41:33] [Server thread/INFO]: Item Despawn Rate: 6000
[22:41:33] [Server thread/INFO]: Item Merge Radius: 2.5
[22:41:33] [Server thread/INFO]: Allow Zombie Pigmen to spawn from portal blocks: true
[22:41:33] [Server thread/INFO]: Arrow Despawn Rate: 1200 Trident Respawn Rate:1200
[22:41:33] [Server thread/INFO]: Zombie Aggressive Towards Villager: true
[22:41:33] [Server thread/INFO]: Nerfing mobs spawned from spawners: false
[22:41:33] [Server thread/INFO]: Preparing start region for dimension minecraft:overworld
[22:41:38] [Worker-Main-6/INFO]: Preparing spawn area: 0%
[22:41:38] [Worker-Main-6/INFO]: Preparing spawn area: 0%
[22:41:38] [Worker-Main-6/INFO]: Preparing spawn area: 0%
[22:41:38] [Worker-Main-6/INFO]: Preparing spawn area: 0%
[22:41:38] [Worker-Main-6/INFO]: Preparing spawn area: 0%
[22:41:38] [Worker-Main-3/INFO]: Preparing spawn area: 0%
[22:41:38] [Worker-Main-3/INFO]: Preparing spawn area: 0%
[22:41:38] [Worker-Main-3/INFO]: Preparing spawn area: 0%
[22:41:38] [Worker-Main-6/INFO]: Preparing spawn area: 0%
[22:41:38] [Worker-Main-3/INFO]: Preparing spawn area: 0%
[22:41:38] [Worker-Main-3/INFO]: Preparing spawn area: 0%
[22:41:38] [Worker-Main-3/INFO]: Preparing spawn area: 10%
[22:41:39] [Worker-Main-5/INFO]: Preparing spawn area: 45%
[22:41:39] [Server thread/INFO]: Time elapsed: 6246 ms
[22:41:39] [Server thread/INFO]: Preparing start region for dimension minecraft:the_nether
[22:41:41] [Worker-Main-1/INFO]: Preparing spawn area: 0%
[22:41:41] [Worker-Main-2/INFO]: Preparing spawn area: 0%
[22:41:41] [Worker-Main-7/INFO]: Preparing spawn area: 0%
[22:41:41] [Worker-Main-5/INFO]: Preparing spawn area: 0%
[22:41:41] [Worker-Main-1/INFO]: Preparing spawn area: 0%
[22:41:41] [Worker-Main-3/INFO]: Preparing spawn area: 0%
[22:41:42] [Worker-Main-4/INFO]: Preparing spawn area: 20%
[22:41:42] [Server thread/INFO]: Time elapsed: 3489 ms
[22:41:42] [Server thread/INFO]: Preparing start region for dimension minecraft:the_end
[22:41:44] [Worker-Main-3/INFO]: Preparing spawn area: 0%
[22:41:44] [Worker-Main-6/INFO]: Preparing spawn area: 0%
[22:41:44] [Worker-Main-7/INFO]: Preparing spawn area: 0%
[22:41:44] [Worker-Main-7/INFO]: Preparing spawn area: 0%
[22:41:44] [Worker-Main-2/INFO]: Preparing spawn area: 69%
[22:41:45] [Server thread/INFO]: Time elapsed: 2163 ms
[22:41:45] [Server thread/INFO]: [MobNoTarget] Enabling MobNoTarget v1.0
[22:41:45] [Server thread/INFO]: [MobLeash] Enabling MobLeash v1.0
[22:41:45] [Server thread/INFO]: Server permissions file permissions.yml is empty, ignoring it
[22:41:45] [Server thread/INFO]: Done (13.857s)! For help, type "help"
[22:42:04] [User Authenticator #1/INFO]: UUID of player Philipbox is 02fa83d4-7a04-3d52-8b1d-717f0246193e
[22:42:05] [Server thread/INFO]: Philipbox joined the game
[22:42:05] [Server thread/INFO]: Philipbox[/127.0.0.1:52714] logged in with entity id 99 at ([Philipbox's world]110.73388694295363, 138.42055205089503, -330.6783383982059)
[22:42:11] [Server thread/WARN]: Can't keep up! Is the server overloaded? Running 5082ms or 101 ticks behind
[22:44:39] [Server thread/WARN]: Can't keep up! Is the server overloaded? Running 118599ms or 2371 ticks behind
[22:47:15] [Server thread/WARN]: Can't keep up! Is the server overloaded? Running 126447ms or 2528 ticks behind
[22:49:49] [Server thread/WARN]: Can't keep up! Is the server overloaded? Running 123921ms or 2478 ticks behind
[22:52:24] [Server thread/WARN]: Can't keep up! Is the server overloaded? Running 124195ms or 2483 ticks behind
[22:54:59] [Server thread/WARN]: Can't keep up! Is the server overloaded? Running 125326ms or 2506 ticks behind
[22:57:30] [Server thread/WARN]: Can't keep up! Is the server overloaded? Running 120740ms or 2414 ticks behind
[22:58:12] [Server thread/INFO]: Philipbox has completed the challenge [With Our Powers Combined!]
[22:59:07] [Server thread/INFO]: Philipbox lost connection: Disconnected
[22:59:08] [Server thread/INFO]: Philipbox left the game
[22:59:08] [Server thread/WARN]: Can't keep up! Is the server overloaded? Running 68497ms or 1369 ticks behind
[23:06:55] [Server thread/INFO]: Stopping server
[23:06:55] [Server thread/INFO]: [MobLeash] Disabling MobLeash v1.0
[23:06:55] [Server thread/INFO]: [MobNoTarget] Disabling MobNoTarget v1.0
[23:06:55] [Server thread/INFO]: Saving players
[23:06:55] [Server thread/INFO]: Saving worlds
[23:06:57] [Server thread/INFO]: Saving chunks for level 'ServerLevel[Philipbox's world]'/minecraft:overworld
[23:07:05] [Server thread/INFO]: Saving chunks for level 'ServerLevel[Philipbox's world_nether]'/minecraft:the_nether
[23:07:05] [Server thread/INFO]: Saving chunks for level 'ServerLevel[Philipbox's world_the_end]'/minecraft:the_end
[23:07:12] [Server thread/INFO]: ThreadedAnvilChunkStorage (Philipbox's world): All chunks are saved
[23:07:12] [Server thread/INFO]: ThreadedAnvilChunkStorage (DIM-1): All chunks are saved
[23:07:12] [Server thread/INFO]: ThreadedAnvilChunkStorage (DIM1): All chunks are saved
[23:07:12] [Server thread/INFO]: ThreadedAnvilChunkStorage: All dimensions are saved
Unbundling libraries to /home/philip/Projects/mservers/mserverfrends2/bundler
Starting server
*** Error, this build is outdated ***
*** Please download a new build as per instructions from https://www.spigotmc.org/go/outdated-spigot ***
*** Server will start in 20 seconds ***
Loading libraries, please wait...
[11:17:39] [ServerMain/INFO]: Building unoptimized datafixer
[11:17:40] [ServerMain/INFO]: Environment: authHost='https://authserver.mojang.com', accountsHost='https://api.mojang.com', sessionHost='https://sessionserver.mojang.com', servicesHost='https://api.minecraftservices.com', name='PROD'
[11:17:42] [ServerMain/INFO]: Loaded 7 recipes
[11:17:39] [ServerMain/INFO]: Building unoptimized datafixer
[11:17:40] [ServerMain/INFO]: Environment: authHost='https://authserver.mojang.com', accountsHost='https://api.mojang.com', sessionHost='https://sessionserver.mojang.com', servicesHost='https://api.minecraftservices.com', name='PROD'
[11:17:42] [ServerMain/INFO]: Loaded 7 recipes
[11:17:43] [Server thread/INFO]: Starting minecraft server version 1.19.3
[11:17:43] [Server thread/INFO]: Loading properties
[11:17:43] [Server thread/INFO]: This server is running CraftBukkit version 3616-Spigot-d90018e-eecb4c0 (MC: 1.19.3) (Implementing API version 1.19.3-R0.1-SNAPSHOT)
[11:17:43] [Server thread/INFO]: Server Ping Player Sample Count: 12
[11:17:43] [Server thread/INFO]: Using 4 threads for Netty based IO
[11:17:43] [Server thread/INFO]: Debug logging is enabled
[11:17:43] [Server thread/INFO]: Default game type: SURVIVAL
[11:17:43] [Server thread/INFO]: Generating keypair
[11:17:44] [Server thread/INFO]: Starting Minecraft server on *:25565
[11:17:44] [Server thread/INFO]: Using epoll channel type
[11:17:44] [Server thread/WARN]: Initializing Legacy Material Support. Unless you have legacy plugins and/or data this is a bug!
[11:17:44] [Server thread/WARN]: java.lang.Exception
[11:17:44] [Server thread/WARN]: 	at org.bukkit.craftbukkit.v1_19_R2.legacy.CraftLegacy.<clinit>(CraftLegacy.java:261)
[11:17:44] [Server thread/WARN]: 	at org.bukkit.craftbukkit.v1_19_R2.util.CraftMagicNumbers.checkSupported(CraftMagicNumbers.java:323)
[11:17:44] [Server thread/WARN]: 	at org.bukkit.plugin.java.JavaPluginLoader.loadPlugin(JavaPluginLoader.java:141)
[11:17:44] [Server thread/WARN]: 	at org.bukkit.plugin.SimplePluginManager.loadPlugin(SimplePluginManager.java:394)
[11:17:44] [Server thread/WARN]: 	at org.bukkit.plugin.SimplePluginManager.loadPlugins(SimplePluginManager.java:301)
[11:17:44] [Server thread/WARN]: 	at org.bukkit.craftbukkit.v1_19_R2.CraftServer.loadPlugins(CraftServer.java:428)
[11:17:44] [Server thread/WARN]: 	at net.minecraft.server.dedicated.DedicatedServer.e(DedicatedServer.java:219)
[11:17:44] [Server thread/WARN]: 	at net.minecraft.server.MinecraftServer.w(MinecraftServer.java:973)
[11:17:44] [Server thread/WARN]: 	at net.minecraft.server.MinecraftServer.lambda$0(MinecraftServer.java:301)
[11:17:44] [Server thread/WARN]: 	at java.base/java.lang.Thread.run(Thread.java:1589)
[11:17:48] [Server thread/WARN]: Legacy plugin MobNoTarget v1.0 does not specify an api-version.
[11:17:48] [Server thread/WARN]: Legacy plugin MobLeash v1.0 does not specify an api-version.
[11:17:48] [Server thread/INFO]: [MobNoTarget] Loading MobNoTarget v1.0
[11:17:48] [Server thread/INFO]: [MobLeash] Loading MobLeash v1.0
[11:17:48] [Server thread/WARN]: **** SERVER IS RUNNING IN OFFLINE/INSECURE MODE!
[11:17:48] [Server thread/WARN]: The server will make no attempt to authenticate usernames. Beware.
[11:17:48] [Server thread/WARN]: While this makes the game possible to play without internet access, it also opens up the ability for hackers to connect with any username they choose.
[11:17:48] [Server thread/WARN]: To change this, set "online-mode" to "true" in the server.properties file.
[11:17:48] [Server thread/INFO]: Preparing level "Philipbox's world"
[11:17:49] [Server thread/INFO]: -------- World Settings For [Philipbox's world] --------
[11:17:49] [Server thread/INFO]: Entity Activation Range: An 8 / Mo 4 / Ra 10 / Mi 9 / Tiv true / Isa false
[11:17:49] [Server thread/INFO]: Entity Tracking Range: Pl 48 / An 48 / Mo 48 / Mi 32 / Other 64
[11:17:49] [Server thread/INFO]: Hopper Transfer: 8 Hopper Check: 1 Hopper Amount: 1 Hopper Can Load Chunks: false
[11:17:49] [Server thread/INFO]: Custom Map Seeds:  Village: 10387312 Desert: 14357617 Igloo: 14357618 Jungle: 14357619 Swamp: 14357620 Monument: 10387313 Ocean: 14357621 Shipwreck: 165745295 End City: 10387313 Slime: 987234911 Nether: 30084232 Mansion: 10387319 Fossil: 14357921 Portal: 34222645
[11:17:49] [Server thread/INFO]: Mob Spawn Range: 6
[11:17:49] [Server thread/INFO]: Experience Merge Radius: 3.0
[11:17:49] [Server thread/INFO]: Cactus Growth Modifier: 100%
[11:17:49] [Server thread/INFO]: Cane Growth Modifier: 100%
[11:17:49] [Server thread/INFO]: Melon Growth Modifier: 100%
[11:17:49] [Server thread/INFO]: Mushroom Growth Modifier: 100%
[11:17:49] [Server thread/INFO]: Pumpkin Growth Modifier: 100%
[11:17:49] [Server thread/INFO]: Sapling Growth Modifier: 100%
[11:17:49] [Server thread/INFO]: Beetroot Growth Modifier: 100%
[11:17:49] [Server thread/INFO]: Carrot Growth Modifier: 100%
[11:17:49] [Server thread/INFO]: Potato Growth Modifier: 100%
[11:17:49] [Server thread/INFO]: Wheat Growth Modifier: 100%
[11:17:49] [Server thread/INFO]: NetherWart Growth Modifier: 100%
[11:17:49] [Server thread/INFO]: Vine Growth Modifier: 100%
[11:17:49] [Server thread/INFO]: Cocoa Growth Modifier: 100%
[11:17:49] [Server thread/INFO]: Bamboo Growth Modifier: 100%
[11:17:49] [Server thread/INFO]: SweetBerry Growth Modifier: 100%
[11:17:49] [Server thread/INFO]: Kelp Growth Modifier: 100%
[11:17:49] [Server thread/INFO]: TwistingVines Growth Modifier: 100%
[11:17:49] [Server thread/INFO]: WeepingVines Growth Modifier: 100%
[11:17:49] [Server thread/INFO]: CaveVines Growth Modifier: 100%
[11:17:49] [Server thread/INFO]: Max TNT Explosions: 100
[11:17:49] [Server thread/INFO]: Tile Max Tick Time: 50ms Entity max Tick Time: 50ms
[11:17:49] [Server thread/INFO]: View Distance: 10
[11:17:49] [Server thread/INFO]: Simulation Distance: 5
[11:17:49] [Server thread/INFO]: Item Despawn Rate: 6000
[11:17:49] [Server thread/INFO]: Item Merge Radius: 2.5
[11:17:49] [Server thread/INFO]: Allow Zombie Pigmen to spawn from portal blocks: true
[11:17:49] [Server thread/INFO]: Arrow Despawn Rate: 1200 Trident Respawn Rate:1200
[11:17:49] [Server thread/INFO]: Zombie Aggressive Towards Villager: true
[11:17:49] [Server thread/INFO]: Nerfing mobs spawned from spawners: false
[11:17:49] [Server thread/INFO]: -------- World Settings For [Philipbox's world_nether] --------
[11:17:49] [Server thread/INFO]: Entity Activation Range: An 8 / Mo 4 / Ra 10 / Mi 9 / Tiv true / Isa false
[11:17:49] [Server thread/INFO]: Entity Tracking Range: Pl 48 / An 48 / Mo 48 / Mi 32 / Other 64
[11:17:49] [Server thread/INFO]: Hopper Transfer: 8 Hopper Check: 1 Hopper Amount: 1 Hopper Can Load Chunks: false
[11:17:49] [Server thread/INFO]: Custom Map Seeds:  Village: 10387312 Desert: 14357617 Igloo: 14357618 Jungle: 14357619 Swamp: 14357620 Monument: 10387313 Ocean: 14357621 Shipwreck: 165745295 End City: 10387313 Slime: 987234911 Nether: 30084232 Mansion: 10387319 Fossil: 14357921 Portal: 34222645
[11:17:49] [Server thread/INFO]: Mob Spawn Range: 6
[11:17:49] [Server thread/INFO]: Experience Merge Radius: 3.0
[11:17:49] [Server thread/INFO]: Cactus Growth Modifier: 100%
[11:17:49] [Server thread/INFO]: Cane Growth Modifier: 100%
[11:17:49] [Server thread/INFO]: Melon Growth Modifier: 100%
[11:17:49] [Server thread/INFO]: Mushroom Growth Modifier: 100%
[11:17:49] [Server thread/INFO]: Pumpkin Growth Modifier: 100%
[11:17:49] [Server thread/INFO]: Sapling Growth Modifier: 100%
[11:17:49] [Server thread/INFO]: Beetroot Growth Modifier: 100%
[11:17:49] [Server thread/INFO]: Carrot Growth Modifier: 100%
[11:17:49] [Server thread/INFO]: Potato Growth Modifier: 100%
[11:17:49] [Server thread/INFO]: Wheat Growth Modifier: 100%
[11:17:49] [Server thread/INFO]: NetherWart Growth Modifier: 100%
[11:17:49] [Server thread/INFO]: Vine Growth Modifier: 100%
[11:17:49] [Server thread/INFO]: Cocoa Growth Modifier: 100%
[11:17:49] [Server thread/INFO]: Bamboo Growth Modifier: 100%
[11:17:49] [Server thread/INFO]: SweetBerry Growth Modifier: 100%
[11:17:49] [Server thread/INFO]: Kelp Growth Modifier: 100%
[11:17:49] [Server thread/INFO]: TwistingVines Growth Modifier: 100%
[11:17:49] [Server thread/INFO]: WeepingVines Growth Modifier: 100%
[11:17:49] [Server thread/INFO]: CaveVines Growth Modifier: 100%
[11:17:49] [Server thread/INFO]: Max TNT Explosions: 100
[11:17:49] [Server thread/INFO]: Tile Max Tick Time: 50ms Entity max Tick Time: 50ms
[11:17:49] [Server thread/INFO]: View Distance: 10
[11:17:49] [Server thread/INFO]: Simulation Distance: 5
[11:17:49] [Server thread/INFO]: Item Despawn Rate: 6000
[11:17:49] [Server thread/INFO]: Item Merge Radius: 2.5
[11:17:49] [Server thread/INFO]: Allow Zombie Pigmen to spawn from portal blocks: true
[11:17:49] [Server thread/INFO]: Arrow Despawn Rate: 1200 Trident Respawn Rate:1200
[11:17:49] [Server thread/INFO]: Zombie Aggressive Towards Villager: true
[11:17:49] [Server thread/INFO]: Nerfing mobs spawned from spawners: false
[11:17:50] [Server thread/INFO]: -------- World Settings For [Philipbox's world_the_end] --------
[11:17:50] [Server thread/INFO]: Entity Activation Range: An 8 / Mo 4 / Ra 10 / Mi 9 / Tiv true / Isa false
[11:17:50] [Server thread/INFO]: Entity Tracking Range: Pl 48 / An 48 / Mo 48 / Mi 32 / Other 64
[11:17:50] [Server thread/INFO]: Hopper Transfer: 8 Hopper Check: 1 Hopper Amount: 1 Hopper Can Load Chunks: false
[11:17:50] [Server thread/INFO]: Custom Map Seeds:  Village: 10387312 Desert: 14357617 Igloo: 14357618 Jungle: 14357619 Swamp: 14357620 Monument: 10387313 Ocean: 14357621 Shipwreck: 165745295 End City: 10387313 Slime: 987234911 Nether: 30084232 Mansion: 10387319 Fossil: 14357921 Portal: 34222645
[11:17:50] [Server thread/INFO]: Mob Spawn Range: 6
[11:17:50] [Server thread/INFO]: Experience Merge Radius: 3.0
[11:17:50] [Server thread/INFO]: Cactus Growth Modifier: 100%
[11:17:50] [Server thread/INFO]: Cane Growth Modifier: 100%
[11:17:50] [Server thread/INFO]: Melon Growth Modifier: 100%
[11:17:50] [Server thread/INFO]: Mushroom Growth Modifier: 100%
[11:17:50] [Server thread/INFO]: Pumpkin Growth Modifier: 100%
[11:17:50] [Server thread/INFO]: Sapling Growth Modifier: 100%
[11:17:50] [Server thread/INFO]: Beetroot Growth Modifier: 100%
[11:17:50] [Server thread/INFO]: Carrot Growth Modifier: 100%
[11:17:50] [Server thread/INFO]: Potato Growth Modifier: 100%
[11:17:50] [Server thread/INFO]: Wheat Growth Modifier: 100%
[11:17:50] [Server thread/INFO]: NetherWart Growth Modifier: 100%
[11:17:50] [Server thread/INFO]: Vine Growth Modifier: 100%
[11:17:50] [Server thread/INFO]: Cocoa Growth Modifier: 100%
[11:17:50] [Server thread/INFO]: Bamboo Growth Modifier: 100%
[11:17:50] [Server thread/INFO]: SweetBerry Growth Modifier: 100%
[11:17:50] [Server thread/INFO]: Kelp Growth Modifier: 100%
[11:17:50] [Server thread/INFO]: TwistingVines Growth Modifier: 100%
[11:17:50] [Server thread/INFO]: WeepingVines Growth Modifier: 100%
[11:17:50] [Server thread/INFO]: CaveVines Growth Modifier: 100%
[11:17:50] [Server thread/INFO]: Max TNT Explosions: 100
[11:17:50] [Server thread/INFO]: Tile Max Tick Time: 50ms Entity max Tick Time: 50ms
[11:17:50] [Server thread/INFO]: View Distance: 10
[11:17:50] [Server thread/INFO]: Simulation Distance: 5
[11:17:50] [Server thread/INFO]: Item Despawn Rate: 6000
[11:17:50] [Server thread/INFO]: Item Merge Radius: 2.5
[11:17:50] [Server thread/INFO]: Allow Zombie Pigmen to spawn from portal blocks: true
[11:17:50] [Server thread/INFO]: Arrow Despawn Rate: 1200 Trident Respawn Rate:1200
[11:17:50] [Server thread/INFO]: Zombie Aggressive Towards Villager: true
[11:17:50] [Server thread/INFO]: Nerfing mobs spawned from spawners: false
[11:17:50] [Server thread/INFO]: Preparing start region for dimension minecraft:overworld
[11:17:54] [Worker-Main-5/INFO]: Preparing spawn area: 0%
[11:17:54] [Worker-Main-4/INFO]: Preparing spawn area: 0%
[11:17:54] [Worker-Main-1/INFO]: Preparing spawn area: 0%
[11:17:54] [Worker-Main-6/INFO]: Preparing spawn area: 0%
[11:17:54] [Worker-Main-2/INFO]: Preparing spawn area: 0%
[11:17:54] [Worker-Main-3/INFO]: Preparing spawn area: 0%
[11:17:54] [Worker-Main-2/INFO]: Preparing spawn area: 0%
[11:17:54] [Worker-Main-7/INFO]: Preparing spawn area: 0%
[11:17:54] [Worker-Main-6/INFO]: Preparing spawn area: 0%
[11:17:55] [Worker-Main-3/INFO]: Preparing spawn area: 5%
[11:17:55] [Worker-Main-5/INFO]: Preparing spawn area: 48%
[11:17:55] [Server thread/INFO]: Time elapsed: 5170 ms
[11:17:55] [Server thread/INFO]: Preparing start region for dimension minecraft:the_nether
[11:17:57] [Worker-Main-5/INFO]: Preparing spawn area: 0%
[11:17:57] [Worker-Main-6/INFO]: Preparing spawn area: 0%
[11:17:57] [Worker-Main-3/INFO]: Preparing spawn area: 0%
[11:17:57] [Worker-Main-2/INFO]: Preparing spawn area: 0%
[11:17:57] [Worker-Main-6/INFO]: Preparing spawn area: 0%
[11:17:58] [Worker-Main-2/INFO]: Preparing spawn area: 10%
[11:17:58] [Worker-Main-5/INFO]: Preparing spawn area: 94%
[11:17:59] [Server thread/INFO]: Time elapsed: 3020 ms
[11:17:59] [Server thread/INFO]: Preparing start region for dimension minecraft:the_end
[11:18:00] [Worker-Main-1/INFO]: Preparing spawn area: 0%
[11:18:00] [Worker-Main-3/INFO]: Preparing spawn area: 0%
[11:18:00] [Worker-Main-5/INFO]: Preparing spawn area: 0%
[11:18:00] [Worker-Main-6/INFO]: Preparing spawn area: 22%
[11:18:01] [Worker-Main-5/INFO]: Preparing spawn area: 95%
[11:18:01] [Server thread/INFO]: Time elapsed: 2047 ms
[11:18:01] [Server thread/INFO]: [MobNoTarget] Enabling MobNoTarget v1.0
[11:18:01] [Server thread/INFO]: [MobLeash] Enabling MobLeash v1.0
[11:18:01] [Server thread/INFO]: Server permissions file permissions.yml is empty, ignoring it
[11:18:01] [Server thread/INFO]: Done (12.099s)! For help, type "help"
[12:04:23] [User Authenticator #1/INFO]: UUID of player Philipbox is 02fa83d4-7a04-3d52-8b1d-717f0246193e
[12:04:24] [Server thread/INFO]: Philipbox joined the game
[12:04:24] [Server thread/INFO]: Philipbox[/127.0.0.1:42696] logged in with entity id 99 at ([Philipbox's world]105.02267964452649, 155.20000004768372, -323.69999998807907)
[12:04:29] [Server thread/WARN]: Can't keep up! Is the server overloaded? Running 5218ms or 104 ticks behind
[12:04:56] [Server thread/INFO]: Philipbox lost connection: Disconnected
[12:04:56] [Server thread/INFO]: Philipbox left the game
[12:05:01] [Server thread/INFO]: Stopping server
[12:05:01] [Server thread/INFO]: [MobLeash] Disabling MobLeash v1.0
[12:05:01] [Server thread/INFO]: [MobNoTarget] Disabling MobNoTarget v1.0
[12:05:01] [Server thread/INFO]: Saving players
[12:05:01] [Server thread/INFO]: Saving worlds
[12:05:02] [Server thread/INFO]: Saving chunks for level 'ServerLevel[Philipbox's world]'/minecraft:overworld
[12:05:12] [Server thread/INFO]: Saving chunks for level 'ServerLevel[Philipbox's world_nether]'/minecraft:the_nether
[12:05:13] [Server thread/INFO]: Saving chunks for level 'ServerLevel[Philipbox's world_the_end]'/minecraft:the_end
[12:05:19] [Server thread/INFO]: ThreadedAnvilChunkStorage (Philipbox's world): All chunks are saved
[12:05:19] [Server thread/INFO]: ThreadedAnvilChunkStorage (DIM-1): All chunks are saved
[12:05:19] [Server thread/INFO]: ThreadedAnvilChunkStorage (DIM1): All chunks are saved
[12:05:19] [Server thread/INFO]: ThreadedAnvilChunkStorage: All dimensions are saved
